{
  "stats": {
    "suites": 1,
    "tests": 3,
    "passes": 3,
    "pending": 0,
    "failures": 0,
    "start": "2023-12-12T00:54:31.564Z",
    "end": "2023-12-12T00:54:55.599Z",
    "duration": 24035,
    "testsRegistered": 3,
    "passPercent": 100,
    "pendingPercent": 0,
    "other": 0,
    "hasOther": false,
    "skipped": 0,
    "hasSkipped": false
  },
  "results": [
    {
      "uuid": "272fe538-255d-4df0-9295-9b8cdb4f29f2",
      "title": "",
      "fullFile": "cypress/integration/tests/test.spec.js",
      "file": "cypress/integration/tests/test.spec.js",
      "beforeHooks": [],
      "afterHooks": [],
      "tests": [],
      "suites": [
        {
          "uuid": "708c3c87-d4fa-4ad5-a721-511254d8f904",
          "title": "API testing",
          "fullFile": "",
          "file": "",
          "beforeHooks": [],
          "afterHooks": [],
          "tests": [
            {
              "title": "Test 1: carousel automatic",
              "fullTitle": "API testing Test 1: carousel automatic",
              "timedOut": null,
              "duration": 18068,
              "state": "passed",
              "speed": "slow",
              "pass": true,
              "fail": false,
              "pending": false,
              "context": null,
              "code": "cy.get('@slides').then(slides => {\n  for (let i = 0; i < 4; i++) {\n    cy.get('.active img', {\n      timeout: 10000\n    }).should('have.attr', 'alt', slides.slides[i]);\n  }\n});",
              "err": {},
              "uuid": "8929fd3a-255b-48c7-a4fe-50bb2b8d6828",
              "parentUUID": "708c3c87-d4fa-4ad5-a721-511254d8f904",
              "isHook": false,
              "skipped": false
            },
            {
              "title": "Test 2: carousel flechita",
              "fullTitle": "API testing Test 2: carousel flechita",
              "timedOut": null,
              "duration": 4010,
              "state": "passed",
              "speed": "fast",
              "pass": true,
              "fail": false,
              "pending": false,
              "context": null,
              "code": "cy.get('@slides').then(slides => {\n  cy.get('.carousel-control-next-icon').as(\"flechita\");\n  for (let i = 0; i < 4; i++) {\n    cy.get('.active img').should('have.attr', 'alt', slides.slides[i]);\n    cy.get('@flechita').click();\n  }\n});",
              "err": {},
              "uuid": "55bf4e8d-41ce-4b27-9995-cc3bf59cb3af",
              "parentUUID": "708c3c87-d4fa-4ad5-a721-511254d8f904",
              "isHook": false,
              "skipped": false
            },
            {
              "title": "Test 3: carousel barrita",
              "fullTitle": "API testing Test 3: carousel barrita",
              "timedOut": null,
              "duration": 1916,
              "state": "passed",
              "speed": "fast",
              "pass": true,
              "fail": false,
              "pending": false,
              "context": null,
              "code": "cy.get('@slides').then(slides => {\n  for (let i = 0; i < 3; i++) {\n    cy.get('[data-slide-to=\"' + i + '\"]').click();\n    cy.get('.active img').should('have.attr', 'alt', slides.slides[i]);\n  }\n});",
              "err": {},
              "uuid": "20d1fb4c-3375-4450-9bd3-0d6dccf5cb50",
              "parentUUID": "708c3c87-d4fa-4ad5-a721-511254d8f904",
              "isHook": false,
              "skipped": false
            }
          ],
          "suites": [],
          "passes": [
            "8929fd3a-255b-48c7-a4fe-50bb2b8d6828",
            "55bf4e8d-41ce-4b27-9995-cc3bf59cb3af",
            "20d1fb4c-3375-4450-9bd3-0d6dccf5cb50"
          ],
          "failures": [],
          "pending": [],
          "skipped": [],
          "duration": 23994,
          "root": false,
          "rootEmpty": false,
          "_timeout": 2000
        }
      ],
      "passes": [],
      "failures": [],
      "pending": [],
      "skipped": [],
      "duration": 0,
      "root": true,
      "rootEmpty": true,
      "_timeout": 2000
    }
  ],
  "meta": {
    "mocha": {
      "version": "7.0.1"
    },
    "mochawesome": {
      "options": {
        "quiet": false,
        "reportFilename": "mochawesome",
        "saveHtml": false,
        "saveJson": true,
        "consoleReporter": "spec",
        "useInlineDiffs": false,
        "code": true
      },
      "version": "7.1.3"
    },
    "marge": {
      "options": {
        "reporDir": "cypress/report/mochawesome-report",
        "overwrite": true,
        "html": false,
        "json": true,
        "timestamp": "mmddyyyy_HHMMss"
      },
      "version": "6.2.0"
    }
  }
}